<?xml version="1.0" encoding="UTF-8"?>
<!-- Generated by org.testng.reporters.JUnitXMLReporter -->
<testsuite ignored="4" hostname="LAPTOP-FSH78CGL" failures="1" tests="3" name="Test" time="30.296" errors="0" timestamp="2025-08-04T11:22:00 IST">
  <testcase classname="Electronics.TC_DWS_030_Test" name="clickOnElectronics" time="0.963"/>
  <testcase classname="Computers.TC_DWS_020_Test" name="clickOnComputers" time="0.957"/>
  <testcase classname="Books.TC_DWS_001_Test" name="clickOnBooks" time="0.046">
    <failure type="java.lang.AssertionError" message="Books page is not displayed expected [Demo Web Shop. Books] but found [Demo Web Shop]">
      <![CDATA[java.lang.AssertionError: Books page is not displayed expected [Demo Web Shop. Books] but found [Demo Web Shop]
at Books.TC_DWS_001_Test.clickOnBooks(TC_DWS_001_Test.java:21)
at java.base/java.util.ArrayList.forEach(ArrayList.java:1596)
... Removed 30 stack frames]]>
    </failure>
  </testcase> <!-- clickOnBooks -->
  <testcase classname="Generic_Utility.Base_Class" name="@AfterSuite reportBackup" time="0.0">
    <ignored/>
  </testcase> <!-- @AfterSuite reportBackup -->
  <testcase classname="Generic_Utility.Base_Class" name="@BeforeSuite reportConfig" time="0.0">
    <ignored/>
  </testcase> <!-- @BeforeSuite reportConfig -->
  <testcase classname="Generic_Utility.Base_Class" name="@BeforeSuite reportConfig" time="0.0">
    <ignored/>
  </testcase> <!-- @BeforeSuite reportConfig -->
  <testcase classname="Generic_Utility.Base_Class" name="@AfterSuite reportBackup" time="0.0">
    <ignored/>
  </testcase> <!-- @AfterSuite reportBackup -->
</testsuite> <!-- Test -->
