<?xml version="1.0" encoding="UTF-8"?>
<testng-results ignored="0" total="3" passed="2" failed="1" skipped="0">
  <reporter-output>
  </reporter-output>
  <suite started-at="2025-08-04T11:21:30 IST" name="Suite" finished-at="2025-08-04T11:22:00 IST" duration-ms="30296">
    <groups>
    </groups>
    <test started-at="2025-08-04T11:21:30 IST" name="Test" finished-at="2025-08-04T11:22:00 IST" duration-ms="30296">
      <class name="Electronics.TC_DWS_030_Test">
        <test-method is-config="true" signature="reportConfig()[pri:0, instance:Electronics.TC_DWS_030_Test@7dcf94f8]" started-at="2025-08-04T11:21:29 IST" name="reportConfig" finished-at="2025-08-04T11:21:30 IST" duration-ms="669" status="PASS">
          <reporter-output>
          </reporter-output>
        </test-method> <!-- reportConfig -->
        <test-method is-config="true" signature="openBrowser()[pri:0, instance:Electronics.TC_DWS_030_Test@7dcf94f8]" started-at="2025-08-04T11:21:30 IST" name="openBrowser" finished-at="2025-08-04T11:21:38 IST" duration-ms="7448" status="PASS">
          <reporter-output>
          </reporter-output>
        </test-method> <!-- openBrowser -->
        <test-method is-config="true" signature="login()[pri:0, instance:Electronics.TC_DWS_030_Test@7dcf94f8]" started-at="2025-08-04T11:21:38 IST" name="login" finished-at="2025-08-04T11:21:40 IST" duration-ms="2330" status="PASS">
          <reporter-output>
          </reporter-output>
        </test-method> <!-- login -->
        <test-method signature="clickOnElectronics()[pri:0, instance:Electronics.TC_DWS_030_Test@7dcf94f8]" started-at="2025-08-04T11:21:40 IST" name="clickOnElectronics" finished-at="2025-08-04T11:21:41 IST" duration-ms="963" status="PASS">
          <reporter-output>
          </reporter-output>
        </test-method> <!-- clickOnElectronics -->
        <test-method is-config="true" signature="logout()[pri:0, instance:Electronics.TC_DWS_030_Test@7dcf94f8]" started-at="2025-08-04T11:21:41 IST" name="logout" finished-at="2025-08-04T11:21:42 IST" duration-ms="1214" status="PASS">
          <reporter-output>
          </reporter-output>
        </test-method> <!-- logout -->
        <test-method is-config="true" signature="closeBrowser()[pri:0, instance:Electronics.TC_DWS_030_Test@7dcf94f8]" started-at="2025-08-04T11:21:42 IST" name="closeBrowser" finished-at="2025-08-04T11:21:42 IST" duration-ms="295" status="PASS">
          <reporter-output>
          </reporter-output>
        </test-method> <!-- closeBrowser -->
        <test-method is-config="true" signature="reportBackup()[pri:0, instance:Electronics.TC_DWS_030_Test@7dcf94f8]" started-at="2025-08-04T11:22:00 IST" name="reportBackup" finished-at="2025-08-04T11:22:01 IST" duration-ms="633" status="PASS">
          <reporter-output>
          </reporter-output>
        </test-method> <!-- reportBackup -->
      </class> <!-- Electronics.TC_DWS_030_Test -->
      <class name="Computers.TC_DWS_020_Test">
        <test-method is-config="true" signature="openBrowser()[pri:0, instance:Computers.TC_DWS_020_Test@77c2494c]" started-at="2025-08-04T11:21:42 IST" name="openBrowser" finished-at="2025-08-04T11:21:47 IST" duration-ms="4919" status="PASS">
          <reporter-output>
          </reporter-output>
        </test-method> <!-- openBrowser -->
        <test-method is-config="true" signature="login()[pri:0, instance:Computers.TC_DWS_020_Test@77c2494c]" started-at="2025-08-04T11:21:47 IST" name="login" finished-at="2025-08-04T11:21:49 IST" duration-ms="2122" status="PASS">
          <reporter-output>
          </reporter-output>
        </test-method> <!-- login -->
        <test-method signature="clickOnComputers()[pri:0, instance:Computers.TC_DWS_020_Test@77c2494c]" started-at="2025-08-04T11:21:49 IST" name="clickOnComputers" finished-at="2025-08-04T11:21:50 IST" duration-ms="957" status="PASS">
          <reporter-output>
          </reporter-output>
        </test-method> <!-- clickOnComputers -->
        <test-method is-config="true" signature="logout()[pri:0, instance:Computers.TC_DWS_020_Test@77c2494c]" started-at="2025-08-04T11:21:50 IST" name="logout" finished-at="2025-08-04T11:21:51 IST" duration-ms="1001" status="PASS">
          <reporter-output>
          </reporter-output>
        </test-method> <!-- logout -->
        <test-method is-config="true" signature="closeBrowser()[pri:0, instance:Computers.TC_DWS_020_Test@77c2494c]" started-at="2025-08-04T11:21:51 IST" name="closeBrowser" finished-at="2025-08-04T11:21:52 IST" duration-ms="286" status="PASS">
          <reporter-output>
          </reporter-output>
        </test-method> <!-- closeBrowser -->
      </class> <!-- Computers.TC_DWS_020_Test -->
      <class name="Books.TC_DWS_001_Test">
        <test-method is-config="true" signature="openBrowser()[pri:0, instance:Books.TC_DWS_001_Test@f5958c9]" started-at="2025-08-04T11:21:52 IST" name="openBrowser" finished-at="2025-08-04T11:21:56 IST" duration-ms="4618" status="PASS">
          <reporter-output>
          </reporter-output>
        </test-method> <!-- openBrowser -->
        <test-method is-config="true" signature="login()[pri:0, instance:Books.TC_DWS_001_Test@f5958c9]" started-at="2025-08-04T11:21:56 IST" name="login" finished-at="2025-08-04T11:21:59 IST" duration-ms="2249" status="PASS">
          <reporter-output>
          </reporter-output>
        </test-method> <!-- login -->
        <test-method signature="clickOnBooks()[pri:0, instance:Books.TC_DWS_001_Test@f5958c9]" started-at="2025-08-04T11:21:59 IST" name="clickOnBooks" finished-at="2025-08-04T11:21:59 IST" duration-ms="46" status="FAIL">
          <exception class="java.lang.AssertionError">
            <message>
              <![CDATA[Books page is not displayed expected [Demo Web Shop. Books] but found [Demo Web Shop]]]>
            </message>
            <full-stacktrace>
              <![CDATA[java.lang.AssertionError: Books page is not displayed expected [Demo Web Shop. Books] but found [Demo Web Shop]
at org.testng.Assert.fail(Assert.java:111)
at org.testng.Assert.failNotEquals(Assert.java:1578)
at org.testng.Assert.assertEqualsImpl(Assert.java:150)
at org.testng.Assert.assertEquals(Assert.java:132)
at org.testng.Assert.assertEquals(Assert.java:656)
at Books.TC_DWS_001_Test.clickOnBooks(TC_DWS_001_Test.java:21)
at java.base/jdk.internal.reflect.DirectMethodHandleAccessor.invoke(DirectMethodHandleAccessor.java:103)
at java.base/java.lang.reflect.Method.invoke(Method.java:580)
at org.testng.internal.invokers.MethodInvocationHelper.invokeMethod(MethodInvocationHelper.java:141)
at org.testng.internal.invokers.TestInvoker.invokeMethod(TestInvoker.java:686)
at org.testng.internal.invokers.TestInvoker.invokeTestMethod(TestInvoker.java:230)
at org.testng.internal.invokers.MethodRunner.runInSequence(MethodRunner.java:63)
at org.testng.internal.invokers.TestInvoker$MethodInvocationAgent.invoke(TestInvoker.java:992)
at org.testng.internal.invokers.TestInvoker.invokeTestMethods(TestInvoker.java:203)
at org.testng.internal.invokers.TestMethodWorker.invokeTestMethods(TestMethodWorker.java:154)
at org.testng.internal.invokers.TestMethodWorker.run(TestMethodWorker.java:134)
at java.base/java.util.ArrayList.forEach(ArrayList.java:1596)
at org.testng.TestRunner.privateRun(TestRunner.java:739)
at org.testng.TestRunner.run(TestRunner.java:614)
at org.testng.SuiteRunner.runTest(SuiteRunner.java:421)
at org.testng.SuiteRunner.runSequentially(SuiteRunner.java:413)
at org.testng.SuiteRunner.privateRun(SuiteRunner.java:373)
at org.testng.SuiteRunner.run(SuiteRunner.java:312)
at org.testng.SuiteRunnerWorker.runSuite(SuiteRunnerWorker.java:52)
at org.testng.SuiteRunnerWorker.run(SuiteRunnerWorker.java:95)
at org.testng.TestNG.runSuitesSequentially(TestNG.java:1274)
at org.testng.TestNG.runSuitesLocally(TestNG.java:1208)
at org.testng.TestNG.runSuites(TestNG.java:1112)
at org.testng.TestNG.run(TestNG.java:1079)
at org.testng.remote.AbstractRemoteTestNG.run(AbstractRemoteTestNG.java:115)
at org.testng.remote.RemoteTestNG.initAndRun(RemoteTestNG.java:293)
at org.testng.remote.RemoteTestNG.main(RemoteTestNG.java:91)
]]>
            </full-stacktrace>
          </exception> <!-- java.lang.AssertionError -->
          <reporter-output>
          </reporter-output>
        </test-method> <!-- clickOnBooks -->
        <test-method is-config="true" signature="logout()[pri:0, instance:Books.TC_DWS_001_Test@f5958c9]" started-at="2025-08-04T11:21:59 IST" name="logout" finished-at="2025-08-04T11:22:00 IST" duration-ms="1013" status="PASS">
          <reporter-output>
          </reporter-output>
        </test-method> <!-- logout -->
        <test-method is-config="true" signature="closeBrowser()[pri:0, instance:Books.TC_DWS_001_Test@f5958c9]" started-at="2025-08-04T11:22:00 IST" name="closeBrowser" finished-at="2025-08-04T11:22:00 IST" duration-ms="290" status="PASS">
          <reporter-output>
          </reporter-output>
        </test-method> <!-- closeBrowser -->
      </class> <!-- Books.TC_DWS_001_Test -->
    </test> <!-- Test -->
  </suite> <!-- Suite -->
</testng-results>
